{"/Users/hari/Desktop/Travis_Example/src/index.js": {"path":"/Users/hari/Desktop/Travis_Example/src/index.js","statementMap":{"0":{"start":{"line":2,"column":2},"end":{"line":2,"column":15}},"1":{"start":{"line":6,"column":2},"end":{"line":6,"column":15}},"2":{"start":{"line":10,"column":2},"end":{"line":10,"column":15}},"3":{"start":{"line":14,"column":4},"end":{"line":14,"column":23}},"4":{"start":{"line":14,"column":15},"end":{"line":14,"column":23}},"5":{"start":{"line":15,"column":4},"end":{"line":15,"column":32}},"6":{"start":{"line":18,"column":0},"end":{"line":23,"column":2}}},"fnMap":{"0":{"name":"sum","decl":{"start":{"line":1,"column":9},"end":{"line":1,"column":12}},"loc":{"start":{"line":1,"column":19},"end":{"line":3,"column":1}},"line":1},"1":{"name":"substr","decl":{"start":{"line":5,"column":9},"end":{"line":5,"column":15}},"loc":{"start":{"line":5,"column":21},"end":{"line":7,"column":1}},"line":5},"2":{"name":"mult","decl":{"start":{"line":9,"column":9},"end":{"line":9,"column":13}},"loc":{"start":{"line":9,"column":19},"end":{"line":11,"column":1}},"line":9},"3":{"name":"fibo","decl":{"start":{"line":13,"column":9},"end":{"line":13,"column":13}},"loc":{"start":{"line":13,"column":17},"end":{"line":16,"column":1}},"line":13}},"branchMap":{"0":{"loc":{"start":{"line":14,"column":4},"end":{"line":14,"column":23}},"type":"if","locations":[{"start":{"line":14,"column":4},"end":{"line":14,"column":23}},{"start":{"line":14,"column":4},"end":{"line":14,"column":23}}],"line":14}},"s":{"0":2,"1":2,"2":2,"3":68,"4":35,"5":33,"6":1},"f":{"0":2,"1":2,"2":2,"3":68},"b":{"0":[35,33]},"_coverageSchema":"43e27e138ebf9cfc5966b082cf9a028302ed4184","hash":"c220d96c09637671caecef5cdb8ecdbb40d97089"}
}
